This file contains any messages produced by compilers while
running configure, to aid debugging if configure makes a mistake.

It was created by Xar configure 1.5.2, which was
generated by GNU Autoconf 2.59.  Invocation command line was

  $ ./configure 

## --------- ##
## Platform. ##
## --------- ##

hostname = kali
uname -m = x86_64
uname -r = 4.19.0-kali3-amd64
uname -s = Linux
uname -v = #1 SMP Debian 4.19.20-1kali1 (2019-02-14)

/usr/bin/uname -p = unknown
/bin/uname -X     = unknown

/bin/arch              = x86_64
/usr/bin/arch -k       = unknown
/usr/convex/getsysinfo = unknown
hostinfo               = unknown
/bin/machine           = unknown
/usr/bin/oslevel       = unknown
/bin/universe          = unknown

PATH: /usr/local/sbin
PATH: /usr/local/bin
PATH: /usr/sbin
PATH: /usr/bin
PATH: /sbin
PATH: /bin


## ----------- ##
## Core tests. ##
## ----------- ##

configure:1427: checking for gcc
configure:1443: found /usr/bin/gcc
configure:1453: result: gcc
configure:1697: checking for C compiler version
configure:1700: gcc --version </dev/null >&5
gcc (Debian 8.3.0-6) 8.3.0
Copyright (C) 2018 Free Software Foundation, Inc.
This is free software; see the source for copying conditions.  There is NO
warranty; not even for MERCHANTABILITY or FITNESS FOR A PARTICULAR PURPOSE.

configure:1703: $? = 0
configure:1705: gcc -v </dev/null >&5
Using built-in specs.
COLLECT_GCC=gcc
COLLECT_LTO_WRAPPER=/usr/lib/gcc/x86_64-linux-gnu/8/lto-wrapper
OFFLOAD_TARGET_NAMES=nvptx-none
OFFLOAD_TARGET_DEFAULT=1
Target: x86_64-linux-gnu
Configured with: ../src/configure -v --with-pkgversion='Debian 8.3.0-6' --with-bugurl=file:///usr/share/doc/gcc-8/README.Bugs --enable-languages=c,ada,c++,go,brig,d,fortran,objc,obj-c++ --prefix=/usr --with-gcc-major-version-only --program-suffix=-8 --program-prefix=x86_64-linux-gnu- --enable-shared --enable-linker-build-id --libexecdir=/usr/lib --without-included-gettext --enable-threads=posix --libdir=/usr/lib --enable-nls --enable-bootstrap --enable-clocale=gnu --enable-libstdcxx-debug --enable-libstdcxx-time=yes --with-default-libstdcxx-abi=new --enable-gnu-unique-object --disable-vtable-verify --enable-libmpx --enable-plugin --enable-default-pie --with-system-zlib --with-target-system-zlib --enable-objc-gc=auto --enable-multiarch --disable-werror --with-arch-32=i686 --with-abi=m64 --with-multilib-list=m32,m64,mx32 --enable-multilib --with-tune=generic --enable-offload-targets=nvptx-none --without-cuda-driver --enable-checking=release --build=x86_64-linux-gnu --host=x86_64-linux-gnu --target=x86_64-linux-gnu
Thread model: posix
gcc version 8.3.0 (Debian 8.3.0-6) 
configure:1708: $? = 0
configure:1710: gcc -V </dev/null >&5
gcc: error: unrecognized command line option '-V'
gcc: fatal error: no input files
compilation terminated.
configure:1713: $? = 1
configure:1736: checking for C compiler default output file name
configure:1739: gcc    conftest.c  >&5
configure:1742: $? = 0
configure:1788: result: a.out
configure:1793: checking whether the C compiler works
configure:1799: ./a.out
configure:1802: $? = 0
configure:1819: result: yes
configure:1826: checking whether we are cross compiling
configure:1828: result: no
configure:1831: checking for suffix of executables
configure:1833: gcc -o conftest    conftest.c  >&5
configure:1836: $? = 0
configure:1861: result: 
configure:1867: checking for suffix of object files
configure:1888: gcc -c   conftest.c >&5
configure:1891: $? = 0
configure:1913: result: o
configure:1917: checking whether we are using the GNU C compiler
configure:1941: gcc -c   conftest.c >&5
configure:1947: $? = 0
configure:1951: test -z 
			 || test ! -s conftest.err
configure:1954: $? = 0
configure:1957: test -s conftest.o
configure:1960: $? = 0
configure:1973: result: yes
configure:1979: checking whether gcc accepts -g
configure:2000: gcc -c -g  conftest.c >&5
configure:2006: $? = 0
configure:2010: test -z 
			 || test ! -s conftest.err
configure:2013: $? = 0
configure:2016: test -s conftest.o
configure:2019: $? = 0
configure:2030: result: yes
configure:2047: checking for gcc option to accept ANSI C
configure:2117: gcc  -c   conftest.c >&5
configure:2123: $? = 0
configure:2127: test -z 
			 || test ! -s conftest.err
configure:2130: $? = 0
configure:2133: test -s conftest.o
configure:2136: $? = 0
configure:2154: result: none needed
configure:2172: gcc -c   conftest.c >&5
conftest.c:2:3: error: unknown type name 'choke'
   choke me
   ^~~~~
conftest.c:2:3: error: expected '=', ',', ';', 'asm' or '__attribute__' at end of input
configure:2178: $? = 1
configure: failed program was:
| #ifndef __cplusplus
|   choke me
| #endif
configure:2319: checking for special C compiler options needed for large files
configure:2418: result: no
configure:2424: checking for _FILE_OFFSET_BITS value needed for large files
configure:2455: gcc -c   conftest.c >&5
configure:2461: $? = 0
configure:2465: test -z 
			 || test ! -s conftest.err
configure:2468: $? = 0
configure:2471: test -s conftest.o
configure:2474: $? = 0
configure:2539: result: no
configure:2549: checking for _LARGE_FILES value needed for large files
configure:2580: gcc -c   conftest.c >&5
configure:2586: $? = 0
configure:2590: test -z 
			 || test ! -s conftest.err
configure:2593: $? = 0
configure:2596: test -s conftest.o
configure:2599: $? = 0
configure:2664: result: no
configure:2690: checking how to run the C preprocessor
configure:2725: gcc -E  conftest.c
configure:2731: $? = 0
configure:2763: gcc -E  conftest.c
conftest.c:9:10: fatal error: ac_nonexistent.h: No such file or directory
 #include <ac_nonexistent.h>
          ^~~~~~~~~~~~~~~~~~
compilation terminated.
configure:2769: $? = 1
configure: failed program was:
| /* confdefs.h.  */
| 
| #define PACKAGE_NAME "Xar"
| #define PACKAGE_TARNAME "xar"
| #define PACKAGE_VERSION "1.5.2"
| #define PACKAGE_STRING "Xar 1.5.2"
| #define PACKAGE_BUGREPORT "xar-devel@googlegroups.com"
| /* end confdefs.h.  */
| #include <ac_nonexistent.h>
configure:2808: result: gcc -E
configure:2832: gcc -E  conftest.c
configure:2838: $? = 0
configure:2870: gcc -E  conftest.c
conftest.c:9:10: fatal error: ac_nonexistent.h: No such file or directory
 #include <ac_nonexistent.h>
          ^~~~~~~~~~~~~~~~~~
compilation terminated.
configure:2876: $? = 1
configure: failed program was:
| /* confdefs.h.  */
| 
| #define PACKAGE_NAME "Xar"
| #define PACKAGE_TARNAME "xar"
| #define PACKAGE_VERSION "1.5.2"
| #define PACKAGE_STRING "Xar 1.5.2"
| #define PACKAGE_BUGREPORT "xar-devel@googlegroups.com"
| /* end confdefs.h.  */
| #include <ac_nonexistent.h>
configure:2958: checking for a BSD-compatible install
configure:3013: result: /usr/bin/install -c
configure:3026: checking for ld
configure:3044: found /usr/bin/ld
configure:3056: result: /usr/bin/ld
configure:3065: checking for ar
configure:3083: found /usr/bin/ar
configure:3095: result: /usr/bin/ar
configure:3104: checking for ranlib
configure:3122: found /usr/bin/ranlib
configure:3134: result: /usr/bin/ranlib
configure:3143: checking for autoconf
configure:3176: result: no
configure:3182: checking whether to build shared libraries
configure:3191: result: yes
configure:3195: checking whether to build static libraries
configure:3204: result: yes
configure:3216: checking build system type
configure:3234: result: x86_64-unknown-linux-gnu
configure:3242: checking host system type
configure:3256: result: x86_64-unknown-linux-gnu
configure:3384: gcc -c -Wall -g  -D_GNU_SOURCE conftest.c >&5
conftest.c:10:10: fatal error: sys/acl.h: No such file or directory
 #include <sys/acl.h>
          ^~~~~~~~~~~
compilation terminated.
configure:3390: $? = 1
configure: failed program was:
| /* confdefs.h.  */
| 
| #define PACKAGE_NAME "Xar"
| #define PACKAGE_TARNAME "xar"
| #define PACKAGE_VERSION "1.5.2"
| #define PACKAGE_STRING "Xar 1.5.2"
| #define PACKAGE_BUGREPORT "xar-devel@googlegroups.com"
| /* end confdefs.h.  */
| #include <sys/types.h>
| #include <sys/acl.h>
| int
| main ()
| {
| acl_t a
|   ;
|   return 0;
| }
configure:3417: checking for egrep
configure:3427: result: grep -E
configure:3432: checking for ANSI C header files
configure:3457: gcc -c -Wall -g  -D_GNU_SOURCE conftest.c >&5
configure:3463: $? = 0
configure:3467: test -z 
			 || test ! -s conftest.err
configure:3470: $? = 0
configure:3473: test -s conftest.o
configure:3476: $? = 0
configure:3565: gcc -o conftest -Wall -g  -D_GNU_SOURCE  conftest.c  >&5
conftest.c: In function 'main':
conftest.c:26:7: warning: implicit declaration of function 'exit' [-Wimplicit-function-declaration]
       exit(2);
       ^~~~
conftest.c:26:7: warning: incompatible implicit declaration of built-in function 'exit'
conftest.c:26:7: note: include '<stdlib.h>' or provide a declaration of 'exit'
conftest.c:10:1:
+#include <stdlib.h>
 #if ((' ' & 0x0FF) == 0x020)
conftest.c:26:7:
       exit(2);
       ^~~~
conftest.c:27:3: warning: incompatible implicit declaration of built-in function 'exit'
   exit (0);
   ^~~~
conftest.c:27:3: note: include '<stdlib.h>' or provide a declaration of 'exit'
configure:3568: $? = 0
configure:3570: ./conftest
configure:3573: $? = 0
configure:3588: result: yes
configure:3612: checking for sys/types.h
configure:3628: gcc -c -Wall -g  -D_GNU_SOURCE conftest.c >&5
configure:3634: $? = 0
configure:3638: test -z 
			 || test ! -s conftest.err
configure:3641: $? = 0
configure:3644: test -s conftest.o
configure:3647: $? = 0
configure:3658: result: yes
configure:3612: checking for sys/stat.h
configure:3628: gcc -c -Wall -g  -D_GNU_SOURCE conftest.c >&5
configure:3634: $? = 0
configure:3638: test -z 
			 || test ! -s conftest.err
configure:3641: $? = 0
configure:3644: test -s conftest.o
configure:3647: $? = 0
configure:3658: result: yes
configure:3612: checking for stdlib.h
configure:3628: gcc -c -Wall -g  -D_GNU_SOURCE conftest.c >&5
configure:3634: $? = 0
configure:3638: test -z 
			 || test ! -s conftest.err
configure:3641: $? = 0
configure:3644: test -s conftest.o
configure:3647: $? = 0
configure:3658: result: yes
configure:3612: checking for string.h
configure:3628: gcc -c -Wall -g  -D_GNU_SOURCE conftest.c >&5
configure:3634: $? = 0
configure:3638: test -z 
			 || test ! -s conftest.err
configure:3641: $? = 0
configure:3644: test -s conftest.o
configure:3647: $? = 0
configure:3658: result: yes
configure:3612: checking for memory.h
configure:3628: gcc -c -Wall -g  -D_GNU_SOURCE conftest.c >&5
configure:3634: $? = 0
configure:3638: test -z 
			 || test ! -s conftest.err
configure:3641: $? = 0
configure:3644: test -s conftest.o
configure:3647: $? = 0
configure:3658: result: yes
configure:3612: checking for strings.h
configure:3628: gcc -c -Wall -g  -D_GNU_SOURCE conftest.c >&5
configure:3634: $? = 0
configure:3638: test -z 
			 || test ! -s conftest.err
configure:3641: $? = 0
configure:3644: test -s conftest.o
configure:3647: $? = 0
configure:3658: result: yes
configure:3612: checking for inttypes.h
configure:3628: gcc -c -Wall -g  -D_GNU_SOURCE conftest.c >&5
configure:3634: $? = 0
configure:3638: test -z 
			 || test ! -s conftest.err
configure:3641: $? = 0
configure:3644: test -s conftest.o
configure:3647: $? = 0
configure:3658: result: yes
configure:3612: checking for stdint.h
configure:3628: gcc -c -Wall -g  -D_GNU_SOURCE conftest.c >&5
configure:3634: $? = 0
configure:3638: test -z 
			 || test ! -s conftest.err
configure:3641: $? = 0
configure:3644: test -s conftest.o
configure:3647: $? = 0
configure:3658: result: yes
configure:3612: checking for unistd.h
configure:3628: gcc -c -Wall -g  -D_GNU_SOURCE conftest.c >&5
configure:3634: $? = 0
configure:3638: test -z 
			 || test ! -s conftest.err
configure:3641: $? = 0
configure:3644: test -s conftest.o
configure:3647: $? = 0
configure:3658: result: yes
configure:3689: checking ext2fs/ext2_fs.h usability
configure:3701: gcc -c -Wall -g  -D_GNU_SOURCE conftest.c >&5
conftest.c:53:10: fatal error: ext2fs/ext2_fs.h: No such file or directory
 #include <ext2fs/ext2_fs.h>
          ^~~~~~~~~~~~~~~~~~
compilation terminated.
configure:3707: $? = 1
configure: failed program was:
| /* confdefs.h.  */
| 
| #define PACKAGE_NAME "Xar"
| #define PACKAGE_TARNAME "xar"
| #define PACKAGE_VERSION "1.5.2"
| #define PACKAGE_STRING "Xar 1.5.2"
| #define PACKAGE_BUGREPORT "xar-devel@googlegroups.com"
| #define STDC_HEADERS 1
| #define HAVE_SYS_TYPES_H 1
| #define HAVE_SYS_STAT_H 1
| #define HAVE_STDLIB_H 1
| #define HAVE_STRING_H 1
| #define HAVE_MEMORY_H 1
| #define HAVE_STRINGS_H 1
| #define HAVE_INTTYPES_H 1
| #define HAVE_STDINT_H 1
| #define HAVE_UNISTD_H 1
| /* end confdefs.h.  */
| #include <stdio.h>
| #if HAVE_SYS_TYPES_H
| # include <sys/types.h>
| #endif
| #if HAVE_SYS_STAT_H
| # include <sys/stat.h>
| #endif
| #if STDC_HEADERS
| # include <stdlib.h>
| # include <stddef.h>
| #else
| # if HAVE_STDLIB_H
| #  include <stdlib.h>
| # endif
| #endif
| #if HAVE_STRING_H
| # if !STDC_HEADERS && HAVE_MEMORY_H
| #  include <memory.h>
| # endif
| # include <string.h>
| #endif
| #if HAVE_STRINGS_H
| # include <strings.h>
| #endif
| #if HAVE_INTTYPES_H
| # include <inttypes.h>
| #else
| # if HAVE_STDINT_H
| #  include <stdint.h>
| # endif
| #endif
| #if HAVE_UNISTD_H
| # include <unistd.h>
| #endif
| #include <ext2fs/ext2_fs.h>
configure:3730: result: no
configure:3734: checking ext2fs/ext2_fs.h presence
configure:3744: gcc -E  -D_GNU_SOURCE conftest.c
conftest.c:19:10: fatal error: ext2fs/ext2_fs.h: No such file or directory
 #include <ext2fs/ext2_fs.h>
          ^~~~~~~~~~~~~~~~~~
compilation terminated.
configure:3750: $? = 1
configure: failed program was:
| /* confdefs.h.  */
| 
| #define PACKAGE_NAME "Xar"
| #define PACKAGE_TARNAME "xar"
| #define PACKAGE_VERSION "1.5.2"
| #define PACKAGE_STRING "Xar 1.5.2"
| #define PACKAGE_BUGREPORT "xar-devel@googlegroups.com"
| #define STDC_HEADERS 1
| #define HAVE_SYS_TYPES_H 1
| #define HAVE_SYS_STAT_H 1
| #define HAVE_STDLIB_H 1
| #define HAVE_STRING_H 1
| #define HAVE_MEMORY_H 1
| #define HAVE_STRINGS_H 1
| #define HAVE_INTTYPES_H 1
| #define HAVE_STDINT_H 1
| #define HAVE_UNISTD_H 1
| /* end confdefs.h.  */
| #include <ext2fs/ext2_fs.h>
configure:3770: result: no
configure:3805: checking for ext2fs/ext2_fs.h
configure:3812: result: no
configure:3689: checking sys/statfs.h usability
configure:3701: gcc -c -Wall -g  -D_GNU_SOURCE conftest.c >&5
configure:3707: $? = 0
configure:3711: test -z 
			 || test ! -s conftest.err
configure:3714: $? = 0
configure:3717: test -s conftest.o
configure:3720: $? = 0
configure:3730: result: yes
configure:3734: checking sys/statfs.h presence
configure:3744: gcc -E  -D_GNU_SOURCE conftest.c
configure:3750: $? = 0
configure:3770: result: yes
configure:3805: checking for sys/statfs.h
configure:3812: result: yes
configure:3689: checking sys/xattr.h usability
configure:3701: gcc -c -Wall -g  -D_GNU_SOURCE conftest.c >&5
configure:3707: $? = 0
configure:3711: test -z 
			 || test ! -s conftest.err
configure:3714: $? = 0
configure:3717: test -s conftest.o
configure:3720: $? = 0
configure:3730: result: yes
configure:3734: checking sys/xattr.h presence
configure:3744: gcc -E  -D_GNU_SOURCE conftest.c
configure:3750: $? = 0
configure:3770: result: yes
configure:3805: checking for sys/xattr.h
configure:3812: result: yes
configure:3689: checking sys/param.h usability
configure:3701: gcc -c -Wall -g  -D_GNU_SOURCE conftest.c >&5
configure:3707: $? = 0
configure:3711: test -z 
			 || test ! -s conftest.err
configure:3714: $? = 0
configure:3717: test -s conftest.o
configure:3720: $? = 0
configure:3730: result: yes
configure:3734: checking sys/param.h presence
configure:3744: gcc -E  -D_GNU_SOURCE conftest.c
configure:3750: $? = 0
configure:3770: result: yes
configure:3805: checking for sys/param.h
configure:3812: result: yes
configure:3689: checking sys/extattr.h usability
configure:3701: gcc -c -Wall -g  -D_GNU_SOURCE conftest.c >&5
conftest.c:56:10: fatal error: sys/extattr.h: No such file or directory
 #include <sys/extattr.h>
          ^~~~~~~~~~~~~~~
compilation terminated.
configure:3707: $? = 1
configure: failed program was:
| /* confdefs.h.  */
| 
| #define PACKAGE_NAME "Xar"
| #define PACKAGE_TARNAME "xar"
| #define PACKAGE_VERSION "1.5.2"
| #define PACKAGE_STRING "Xar 1.5.2"
| #define PACKAGE_BUGREPORT "xar-devel@googlegroups.com"
| #define STDC_HEADERS 1
| #define HAVE_SYS_TYPES_H 1
| #define HAVE_SYS_STAT_H 1
| #define HAVE_STDLIB_H 1
| #define HAVE_STRING_H 1
| #define HAVE_MEMORY_H 1
| #define HAVE_STRINGS_H 1
| #define HAVE_INTTYPES_H 1
| #define HAVE_STDINT_H 1
| #define HAVE_UNISTD_H 1
| #define HAVE_SYS_STATFS_H 1
| #define HAVE_SYS_XATTR_H 1
| #define HAVE_SYS_PARAM_H 1
| /* end confdefs.h.  */
| #include <stdio.h>
| #if HAVE_SYS_TYPES_H
| # include <sys/types.h>
| #endif
| #if HAVE_SYS_STAT_H
| # include <sys/stat.h>
| #endif
| #if STDC_HEADERS
| # include <stdlib.h>
| # include <stddef.h>
| #else
| # if HAVE_STDLIB_H
| #  include <stdlib.h>
| # endif
| #endif
| #if HAVE_STRING_H
| # if !STDC_HEADERS && HAVE_MEMORY_H
| #  include <memory.h>
| # endif
| # include <string.h>
| #endif
| #if HAVE_STRINGS_H
| # include <strings.h>
| #endif
| #if HAVE_INTTYPES_H
| # include <inttypes.h>
| #else
| # if HAVE_STDINT_H
| #  include <stdint.h>
| # endif
| #endif
| #if HAVE_UNISTD_H
| # include <unistd.h>
| #endif
| #include <sys/extattr.h>
configure:3730: result: no
configure:3734: checking sys/extattr.h presence
configure:3744: gcc -E  -D_GNU_SOURCE conftest.c
conftest.c:22:10: fatal error: sys/extattr.h: No such file or directory
 #include <sys/extattr.h>
          ^~~~~~~~~~~~~~~
compilation terminated.
configure:3750: $? = 1
configure: failed program was:
| /* confdefs.h.  */
| 
| #define PACKAGE_NAME "Xar"
| #define PACKAGE_TARNAME "xar"
| #define PACKAGE_VERSION "1.5.2"
| #define PACKAGE_STRING "Xar 1.5.2"
| #define PACKAGE_BUGREPORT "xar-devel@googlegroups.com"
| #define STDC_HEADERS 1
| #define HAVE_SYS_TYPES_H 1
| #define HAVE_SYS_STAT_H 1
| #define HAVE_STDLIB_H 1
| #define HAVE_STRING_H 1
| #define HAVE_MEMORY_H 1
| #define HAVE_STRINGS_H 1
| #define HAVE_INTTYPES_H 1
| #define HAVE_STDINT_H 1
| #define HAVE_UNISTD_H 1
| #define HAVE_SYS_STATFS_H 1
| #define HAVE_SYS_XATTR_H 1
| #define HAVE_SYS_PARAM_H 1
| /* end confdefs.h.  */
| #include <sys/extattr.h>
configure:3770: result: no
configure:3805: checking for sys/extattr.h
configure:3812: result: no
configure:3689: checking libutil.h usability
configure:3701: gcc -c -Wall -g  -D_GNU_SOURCE conftest.c >&5
conftest.c:56:10: fatal error: libutil.h: No such file or directory
 #include <libutil.h>
          ^~~~~~~~~~~
compilation terminated.
configure:3707: $? = 1
configure: failed program was:
| /* confdefs.h.  */
| 
| #define PACKAGE_NAME "Xar"
| #define PACKAGE_TARNAME "xar"
| #define PACKAGE_VERSION "1.5.2"
| #define PACKAGE_STRING "Xar 1.5.2"
| #define PACKAGE_BUGREPORT "xar-devel@googlegroups.com"
| #define STDC_HEADERS 1
| #define HAVE_SYS_TYPES_H 1
| #define HAVE_SYS_STAT_H 1
| #define HAVE_STDLIB_H 1
| #define HAVE_STRING_H 1
| #define HAVE_MEMORY_H 1
| #define HAVE_STRINGS_H 1
| #define HAVE_INTTYPES_H 1
| #define HAVE_STDINT_H 1
| #define HAVE_UNISTD_H 1
| #define HAVE_SYS_STATFS_H 1
| #define HAVE_SYS_XATTR_H 1
| #define HAVE_SYS_PARAM_H 1
| /* end confdefs.h.  */
| #include <stdio.h>
| #if HAVE_SYS_TYPES_H
| # include <sys/types.h>
| #endif
| #if HAVE_SYS_STAT_H
| # include <sys/stat.h>
| #endif
| #if STDC_HEADERS
| # include <stdlib.h>
| # include <stddef.h>
| #else
| # if HAVE_STDLIB_H
| #  include <stdlib.h>
| # endif
| #endif
| #if HAVE_STRING_H
| # if !STDC_HEADERS && HAVE_MEMORY_H
| #  include <memory.h>
| # endif
| # include <string.h>
| #endif
| #if HAVE_STRINGS_H
| # include <strings.h>
| #endif
| #if HAVE_INTTYPES_H
| # include <inttypes.h>
| #else
| # if HAVE_STDINT_H
| #  include <stdint.h>
| # endif
| #endif
| #if HAVE_UNISTD_H
| # include <unistd.h>
| #endif
| #include <libutil.h>
configure:3730: result: no
configure:3734: checking libutil.h presence
configure:3744: gcc -E  -D_GNU_SOURCE conftest.c
conftest.c:22:10: fatal error: libutil.h: No such file or directory
 #include <libutil.h>
          ^~~~~~~~~~~
compilation terminated.
configure:3750: $? = 1
configure: failed program was:
| /* confdefs.h.  */
| 
| #define PACKAGE_NAME "Xar"
| #define PACKAGE_TARNAME "xar"
| #define PACKAGE_VERSION "1.5.2"
| #define PACKAGE_STRING "Xar 1.5.2"
| #define PACKAGE_BUGREPORT "xar-devel@googlegroups.com"
| #define STDC_HEADERS 1
| #define HAVE_SYS_TYPES_H 1
| #define HAVE_SYS_STAT_H 1
| #define HAVE_STDLIB_H 1
| #define HAVE_STRING_H 1
| #define HAVE_MEMORY_H 1
| #define HAVE_STRINGS_H 1
| #define HAVE_INTTYPES_H 1
| #define HAVE_STDINT_H 1
| #define HAVE_UNISTD_H 1
| #define HAVE_SYS_STATFS_H 1
| #define HAVE_SYS_XATTR_H 1
| #define HAVE_SYS_PARAM_H 1
| /* end confdefs.h.  */
| #include <libutil.h>
configure:3770: result: no
configure:3805: checking for libutil.h
configure:3812: result: no
configure:3829: checking for lgetxattr
configure:3886: gcc -o conftest -Wall -g  -D_GNU_SOURCE  conftest.c  >&5
configure:3892: $? = 0
configure:3896: test -z 
			 || test ! -s conftest.err
configure:3899: $? = 0
configure:3902: test -s conftest
configure:3905: $? = 0
configure:3917: result: yes
configure:3931: checking for lsetxattr
configure:3988: gcc -o conftest -Wall -g  -D_GNU_SOURCE  conftest.c  >&5
configure:3994: $? = 0
configure:3998: test -z 
			 || test ! -s conftest.err
configure:4001: $? = 0
configure:4004: test -s conftest
configure:4007: $? = 0
configure:4019: result: yes
configure:4033: checking for getxattr
configure:4090: gcc -o conftest -Wall -g  -D_GNU_SOURCE  conftest.c  >&5
configure:4096: $? = 0
configure:4100: test -z 
			 || test ! -s conftest.err
configure:4103: $? = 0
configure:4106: test -s conftest
configure:4109: $? = 0
configure:4121: result: yes
configure:4135: checking for setxattr
configure:4192: gcc -o conftest -Wall -g  -D_GNU_SOURCE  conftest.c  >&5
configure:4198: $? = 0
configure:4202: test -z 
			 || test ! -s conftest.err
configure:4205: $? = 0
configure:4208: test -s conftest
configure:4211: $? = 0
configure:4223: result: yes
configure:4237: checking for getattrlist
configure:4294: gcc -o conftest -Wall -g  -D_GNU_SOURCE  conftest.c  >&5
/usr/bin/ld: /tmp/cc74Tlud.o: in function `main':
/home/root/Downloads/Empire/Empire/setup/xar-1.5.2/conftest.c:66: undefined reference to `getattrlist'
/usr/bin/ld: /tmp/cc74Tlud.o:/home/root/Downloads/Empire/Empire/setup/xar-1.5.2/conftest.c:57: undefined reference to `getattrlist'
collect2: error: ld returned 1 exit status
configure:4300: $? = 1
configure: failed program was:
| /* confdefs.h.  */
| 
| #define PACKAGE_NAME "Xar"
| #define PACKAGE_TARNAME "xar"
| #define PACKAGE_VERSION "1.5.2"
| #define PACKAGE_STRING "Xar 1.5.2"
| #define PACKAGE_BUGREPORT "xar-devel@googlegroups.com"
| #define STDC_HEADERS 1
| #define HAVE_SYS_TYPES_H 1
| #define HAVE_SYS_STAT_H 1
| #define HAVE_STDLIB_H 1
| #define HAVE_STRING_H 1
| #define HAVE_MEMORY_H 1
| #define HAVE_STRINGS_H 1
| #define HAVE_INTTYPES_H 1
| #define HAVE_STDINT_H 1
| #define HAVE_UNISTD_H 1
| #define HAVE_SYS_STATFS_H 1
| #define HAVE_SYS_XATTR_H 1
| #define HAVE_SYS_PARAM_H 1
| #define HAVE_LGETXATTR 1
| #define HAVE_LSETXATTR 1
| #define HAVE_GETXATTR 1
| #define HAVE_SETXATTR 1
| /* end confdefs.h.  */
| /* Define getattrlist to an innocuous variant, in case <limits.h> declares getattrlist.
|    For example, HP-UX 11i <limits.h> declares gettimeofday.  */
| #define getattrlist innocuous_getattrlist
| 
| /* System header to define __stub macros and hopefully few prototypes,
|     which can conflict with char getattrlist (); below.
|     Prefer <limits.h> to <assert.h> if __STDC__ is defined, since
|     <limits.h> exists even on freestanding compilers.  */
| 
| #ifdef __STDC__
| # include <limits.h>
| #else
| # include <assert.h>
| #endif
| 
| #undef getattrlist
| 
| /* Override any gcc2 internal prototype to avoid an error.  */
| #ifdef __cplusplus
| extern "C"
| {
| #endif
| /* We use char because int might match the return type of a gcc2
|    builtin and then its argument prototype would still apply.  */
| char getattrlist ();
| /* The GNU C library defines this for functions which it implements
|     to always fail with ENOSYS.  Some functions are actually named
|     something starting with __ and the normal name is an alias.  */
| #if defined (__stub_getattrlist) || defined (__stub___getattrlist)
| choke me
| #else
| char (*f) () = getattrlist;
| #endif
| #ifdef __cplusplus
| }
| #endif
| 
| int
| main ()
| {
| return f != getattrlist;
|   ;
|   return 0;
| }
configure:4325: result: no
configure:4339: checking for setattrlist
configure:4396: gcc -o conftest -Wall -g  -D_GNU_SOURCE  conftest.c  >&5
/usr/bin/ld: /tmp/cc5km96e.o: in function `main':
/home/root/Downloads/Empire/Empire/setup/xar-1.5.2/conftest.c:66: undefined reference to `setattrlist'
/usr/bin/ld: /tmp/cc5km96e.o:/home/root/Downloads/Empire/Empire/setup/xar-1.5.2/conftest.c:57: undefined reference to `setattrlist'
collect2: error: ld returned 1 exit status
configure:4402: $? = 1
configure: failed program was:
| /* confdefs.h.  */
| 
| #define PACKAGE_NAME "Xar"
| #define PACKAGE_TARNAME "xar"
| #define PACKAGE_VERSION "1.5.2"
| #define PACKAGE_STRING "Xar 1.5.2"
| #define PACKAGE_BUGREPORT "xar-devel@googlegroups.com"
| #define STDC_HEADERS 1
| #define HAVE_SYS_TYPES_H 1
| #define HAVE_SYS_STAT_H 1
| #define HAVE_STDLIB_H 1
| #define HAVE_STRING_H 1
| #define HAVE_MEMORY_H 1
| #define HAVE_STRINGS_H 1
| #define HAVE_INTTYPES_H 1
| #define HAVE_STDINT_H 1
| #define HAVE_UNISTD_H 1
| #define HAVE_SYS_STATFS_H 1
| #define HAVE_SYS_XATTR_H 1
| #define HAVE_SYS_PARAM_H 1
| #define HAVE_LGETXATTR 1
| #define HAVE_LSETXATTR 1
| #define HAVE_GETXATTR 1
| #define HAVE_SETXATTR 1
| /* end confdefs.h.  */
| /* Define setattrlist to an innocuous variant, in case <limits.h> declares setattrlist.
|    For example, HP-UX 11i <limits.h> declares gettimeofday.  */
| #define setattrlist innocuous_setattrlist
| 
| /* System header to define __stub macros and hopefully few prototypes,
|     which can conflict with char setattrlist (); below.
|     Prefer <limits.h> to <assert.h> if __STDC__ is defined, since
|     <limits.h> exists even on freestanding compilers.  */
| 
| #ifdef __STDC__
| # include <limits.h>
| #else
| # include <assert.h>
| #endif
| 
| #undef setattrlist
| 
| /* Override any gcc2 internal prototype to avoid an error.  */
| #ifdef __cplusplus
| extern "C"
| {
| #endif
| /* We use char because int might match the return type of a gcc2
|    builtin and then its argument prototype would still apply.  */
| char setattrlist ();
| /* The GNU C library defines this for functions which it implements
|     to always fail with ENOSYS.  Some functions are actually named
|     something starting with __ and the normal name is an alias.  */
| #if defined (__stub_setattrlist) || defined (__stub___setattrlist)
| choke me
| #else
| char (*f) () = setattrlist;
| #endif
| #ifdef __cplusplus
| }
| #endif
| 
| int
| main ()
| {
| return f != setattrlist;
|   ;
|   return 0;
| }
configure:4427: result: no
configure:4441: checking for lchmod
configure:4498: gcc -o conftest -Wall -g  -D_GNU_SOURCE  conftest.c  >&5
conftest.c:55:1: error: unknown type name 'choke'
 choke me
 ^~~~~
conftest.c:55:9: error: expected ';' before 'int'
 choke me
         ^
         ;
conftest.c:63:1:
 int
 ~~~      
conftest.c: In function 'main':
conftest.c:66:8: error: 'f' undeclared (first use in this function)
 return f != lchmod;
        ^
conftest.c:66:8: note: each undeclared identifier is reported only once for each function it appears in
configure:4504: $? = 1
configure: failed program was:
| /* confdefs.h.  */
| 
| #define PACKAGE_NAME "Xar"
| #define PACKAGE_TARNAME "xar"
| #define PACKAGE_VERSION "1.5.2"
| #define PACKAGE_STRING "Xar 1.5.2"
| #define PACKAGE_BUGREPORT "xar-devel@googlegroups.com"
| #define STDC_HEADERS 1
| #define HAVE_SYS_TYPES_H 1
| #define HAVE_SYS_STAT_H 1
| #define HAVE_STDLIB_H 1
| #define HAVE_STRING_H 1
| #define HAVE_MEMORY_H 1
| #define HAVE_STRINGS_H 1
| #define HAVE_INTTYPES_H 1
| #define HAVE_STDINT_H 1
| #define HAVE_UNISTD_H 1
| #define HAVE_SYS_STATFS_H 1
| #define HAVE_SYS_XATTR_H 1
| #define HAVE_SYS_PARAM_H 1
| #define HAVE_LGETXATTR 1
| #define HAVE_LSETXATTR 1
| #define HAVE_GETXATTR 1
| #define HAVE_SETXATTR 1
| /* end confdefs.h.  */
| /* Define lchmod to an innocuous variant, in case <limits.h> declares lchmod.
|    For example, HP-UX 11i <limits.h> declares gettimeofday.  */
| #define lchmod innocuous_lchmod
| 
| /* System header to define __stub macros and hopefully few prototypes,
|     which can conflict with char lchmod (); below.
|     Prefer <limits.h> to <assert.h> if __STDC__ is defined, since
|     <limits.h> exists even on freestanding compilers.  */
| 
| #ifdef __STDC__
| # include <limits.h>
| #else
| # include <assert.h>
| #endif
| 
| #undef lchmod
| 
| /* Override any gcc2 internal prototype to avoid an error.  */
| #ifdef __cplusplus
| extern "C"
| {
| #endif
| /* We use char because int might match the return type of a gcc2
|    builtin and then its argument prototype would still apply.  */
| char lchmod ();
| /* The GNU C library defines this for functions which it implements
|     to always fail with ENOSYS.  Some functions are actually named
|     something starting with __ and the normal name is an alias.  */
| #if defined (__stub_lchmod) || defined (__stub___lchmod)
| choke me
| #else
| char (*f) () = lchmod;
| #endif
| #ifdef __cplusplus
| }
| #endif
| 
| int
| main ()
| {
| return f != lchmod;
|   ;
|   return 0;
| }
configure:4529: result: no
configure:4543: checking for lchown
configure:4600: gcc -o conftest -Wall -g  -D_GNU_SOURCE  conftest.c  >&5
configure:4606: $? = 0
configure:4610: test -z 
			 || test ! -s conftest.err
configure:4613: $? = 0
configure:4616: test -s conftest
configure:4619: $? = 0
configure:4631: result: yes
configure:4645: checking for chflags
configure:4702: gcc -o conftest -Wall -g  -D_GNU_SOURCE  conftest.c  >&5
conftest.c:56:1: error: unknown type name 'choke'
 choke me
 ^~~~~
conftest.c:56:9: error: expected ';' before 'int'
 choke me
         ^
         ;
conftest.c:64:1:
 int
 ~~~      
conftest.c: In function 'main':
conftest.c:67:8: error: 'f' undeclared (first use in this function)
 return f != chflags;
        ^
conftest.c:67:8: note: each undeclared identifier is reported only once for each function it appears in
configure:4708: $? = 1
configure: failed program was:
| /* confdefs.h.  */
| 
| #define PACKAGE_NAME "Xar"
| #define PACKAGE_TARNAME "xar"
| #define PACKAGE_VERSION "1.5.2"
| #define PACKAGE_STRING "Xar 1.5.2"
| #define PACKAGE_BUGREPORT "xar-devel@googlegroups.com"
| #define STDC_HEADERS 1
| #define HAVE_SYS_TYPES_H 1
| #define HAVE_SYS_STAT_H 1
| #define HAVE_STDLIB_H 1
| #define HAVE_STRING_H 1
| #define HAVE_MEMORY_H 1
| #define HAVE_STRINGS_H 1
| #define HAVE_INTTYPES_H 1
| #define HAVE_STDINT_H 1
| #define HAVE_UNISTD_H 1
| #define HAVE_SYS_STATFS_H 1
| #define HAVE_SYS_XATTR_H 1
| #define HAVE_SYS_PARAM_H 1
| #define HAVE_LGETXATTR 1
| #define HAVE_LSETXATTR 1
| #define HAVE_GETXATTR 1
| #define HAVE_SETXATTR 1
| #define HAVE_LCHOWN 1
| /* end confdefs.h.  */
| /* Define chflags to an innocuous variant, in case <limits.h> declares chflags.
|    For example, HP-UX 11i <limits.h> declares gettimeofday.  */
| #define chflags innocuous_chflags
| 
| /* System header to define __stub macros and hopefully few prototypes,
|     which can conflict with char chflags (); below.
|     Prefer <limits.h> to <assert.h> if __STDC__ is defined, since
|     <limits.h> exists even on freestanding compilers.  */
| 
| #ifdef __STDC__
| # include <limits.h>
| #else
| # include <assert.h>
| #endif
| 
| #undef chflags
| 
| /* Override any gcc2 internal prototype to avoid an error.  */
| #ifdef __cplusplus
| extern "C"
| {
| #endif
| /* We use char because int might match the return type of a gcc2
|    builtin and then its argument prototype would still apply.  */
| char chflags ();
| /* The GNU C library defines this for functions which it implements
|     to always fail with ENOSYS.  Some functions are actually named
|     something starting with __ and the normal name is an alias.  */
| #if defined (__stub_chflags) || defined (__stub___chflags)
| choke me
| #else
| char (*f) () = chflags;
| #endif
| #ifdef __cplusplus
| }
| #endif
| 
| int
| main ()
| {
| return f != chflags;
|   ;
|   return 0;
| }
configure:4733: result: no
configure:4747: checking for statvfs
configure:4804: gcc -o conftest -Wall -g  -D_GNU_SOURCE  conftest.c  >&5
configure:4810: $? = 0
configure:4814: test -z 
			 || test ! -s conftest.err
configure:4817: $? = 0
configure:4820: test -s conftest
configure:4823: $? = 0
configure:4835: result: yes
configure:4849: checking for statfs
configure:4906: gcc -o conftest -Wall -g  -D_GNU_SOURCE  conftest.c  >&5
configure:4912: $? = 0
configure:4916: test -z 
			 || test ! -s conftest.err
configure:4919: $? = 0
configure:4922: test -s conftest
configure:4925: $? = 0
configure:4937: result: yes
configure:4951: checking for strmode
configure:5008: gcc -o conftest -Wall -g  -D_GNU_SOURCE  conftest.c  >&5
/usr/bin/ld: /tmp/ccciaUjJ.o: in function `main':
/home/root/Downloads/Empire/Empire/setup/xar-1.5.2/conftest.c:69: undefined reference to `strmode'
/usr/bin/ld: /tmp/ccciaUjJ.o:/home/root/Downloads/Empire/Empire/setup/xar-1.5.2/conftest.c:60: undefined reference to `strmode'
collect2: error: ld returned 1 exit status
configure:5014: $? = 1
configure: failed program was:
| /* confdefs.h.  */
| 
| #define PACKAGE_NAME "Xar"
| #define PACKAGE_TARNAME "xar"
| #define PACKAGE_VERSION "1.5.2"
| #define PACKAGE_STRING "Xar 1.5.2"
| #define PACKAGE_BUGREPORT "xar-devel@googlegroups.com"
| #define STDC_HEADERS 1
| #define HAVE_SYS_TYPES_H 1
| #define HAVE_SYS_STAT_H 1
| #define HAVE_STDLIB_H 1
| #define HAVE_STRING_H 1
| #define HAVE_MEMORY_H 1
| #define HAVE_STRINGS_H 1
| #define HAVE_INTTYPES_H 1
| #define HAVE_STDINT_H 1
| #define HAVE_UNISTD_H 1
| #define HAVE_SYS_STATFS_H 1
| #define HAVE_SYS_XATTR_H 1
| #define HAVE_SYS_PARAM_H 1
| #define HAVE_LGETXATTR 1
| #define HAVE_LSETXATTR 1
| #define HAVE_GETXATTR 1
| #define HAVE_SETXATTR 1
| #define HAVE_LCHOWN 1
| #define HAVE_STATVFS 1
| #define HAVE_STATFS 1
| /* end confdefs.h.  */
| /* Define strmode to an innocuous variant, in case <limits.h> declares strmode.
|    For example, HP-UX 11i <limits.h> declares gettimeofday.  */
| #define strmode innocuous_strmode
| 
| /* System header to define __stub macros and hopefully few prototypes,
|     which can conflict with char strmode (); below.
|     Prefer <limits.h> to <assert.h> if __STDC__ is defined, since
|     <limits.h> exists even on freestanding compilers.  */
| 
| #ifdef __STDC__
| # include <limits.h>
| #else
| # include <assert.h>
| #endif
| 
| #undef strmode
| 
| /* Override any gcc2 internal prototype to avoid an error.  */
| #ifdef __cplusplus
| extern "C"
| {
| #endif
| /* We use char because int might match the return type of a gcc2
|    builtin and then its argument prototype would still apply.  */
| char strmode ();
| /* The GNU C library defines this for functions which it implements
|     to always fail with ENOSYS.  Some functions are actually named
|     something starting with __ and the normal name is an alias.  */
| #if defined (__stub_strmode) || defined (__stub___strmode)
| choke me
| #else
| char (*f) () = strmode;
| #endif
| #ifdef __cplusplus
| }
| #endif
| 
| int
| main ()
| {
| return f != strmode;
|   ;
|   return 0;
| }
configure:5039: result: no
configure:5050: checking for struct statfs.f_fstypename
configure:5076: gcc -c -Wall -g  -D_GNU_SOURCE conftest.c >&5
conftest.c: In function 'main':
conftest.c:36:22: error: storage size of 'ac_aggr' isn't known
 static struct statfs ac_aggr;
                      ^~~~~~~
conftest.c:36:22: warning: unused variable 'ac_aggr' [-Wunused-variable]
configure:5082: $? = 1
configure: failed program was:
| /* confdefs.h.  */
| 
| #define PACKAGE_NAME "Xar"
| #define PACKAGE_TARNAME "xar"
| #define PACKAGE_VERSION "1.5.2"
| #define PACKAGE_STRING "Xar 1.5.2"
| #define PACKAGE_BUGREPORT "xar-devel@googlegroups.com"
| #define STDC_HEADERS 1
| #define HAVE_SYS_TYPES_H 1
| #define HAVE_SYS_STAT_H 1
| #define HAVE_STDLIB_H 1
| #define HAVE_STRING_H 1
| #define HAVE_MEMORY_H 1
| #define HAVE_STRINGS_H 1
| #define HAVE_INTTYPES_H 1
| #define HAVE_STDINT_H 1
| #define HAVE_UNISTD_H 1
| #define HAVE_SYS_STATFS_H 1
| #define HAVE_SYS_XATTR_H 1
| #define HAVE_SYS_PARAM_H 1
| #define HAVE_LGETXATTR 1
| #define HAVE_LSETXATTR 1
| #define HAVE_GETXATTR 1
| #define HAVE_SETXATTR 1
| #define HAVE_LCHOWN 1
| #define HAVE_STATVFS 1
| #define HAVE_STATFS 1
| /* end confdefs.h.  */
| #include <sys/types.h>
| #include <sys/param.h>
| #include <sys/mount.h>
| 
| int
| main ()
| {
| static struct statfs ac_aggr;
| if (ac_aggr.f_fstypename)
| return 0;
|   ;
|   return 0;
| }
configure:5123: gcc -c -Wall -g  -D_GNU_SOURCE conftest.c >&5
conftest.c: In function 'main':
conftest.c:36:22: error: storage size of 'ac_aggr' isn't known
 static struct statfs ac_aggr;
                      ^~~~~~~
conftest.c:36:22: warning: unused variable 'ac_aggr' [-Wunused-variable]
configure:5129: $? = 1
configure: failed program was:
| /* confdefs.h.  */
| 
| #define PACKAGE_NAME "Xar"
| #define PACKAGE_TARNAME "xar"
| #define PACKAGE_VERSION "1.5.2"
| #define PACKAGE_STRING "Xar 1.5.2"
| #define PACKAGE_BUGREPORT "xar-devel@googlegroups.com"
| #define STDC_HEADERS 1
| #define HAVE_SYS_TYPES_H 1
| #define HAVE_SYS_STAT_H 1
| #define HAVE_STDLIB_H 1
| #define HAVE_STRING_H 1
| #define HAVE_MEMORY_H 1
| #define HAVE_STRINGS_H 1
| #define HAVE_INTTYPES_H 1
| #define HAVE_STDINT_H 1
| #define HAVE_UNISTD_H 1
| #define HAVE_SYS_STATFS_H 1
| #define HAVE_SYS_XATTR_H 1
| #define HAVE_SYS_PARAM_H 1
| #define HAVE_LGETXATTR 1
| #define HAVE_LSETXATTR 1
| #define HAVE_GETXATTR 1
| #define HAVE_SETXATTR 1
| #define HAVE_LCHOWN 1
| #define HAVE_STATVFS 1
| #define HAVE_STATFS 1
| /* end confdefs.h.  */
| #include <sys/types.h>
| #include <sys/param.h>
| #include <sys/mount.h>
| 
| int
| main ()
| {
| static struct statfs ac_aggr;
| if (sizeof ac_aggr.f_fstypename)
| return 0;
|   ;
|   return 0;
| }
configure:5155: result: no
configure:5166: checking for struct statvfs.f_fstypename
configure:5190: gcc -c -Wall -g  -D_GNU_SOURCE conftest.c >&5
conftest.c: In function 'main':
conftest.c:35:12: error: 'struct statvfs' has no member named 'f_fstypename'
 if (ac_aggr.f_fstypename)
            ^
conftest.c:34:23: warning: variable 'ac_aggr' set but not used [-Wunused-but-set-variable]
 static struct statvfs ac_aggr;
                       ^~~~~~~
configure:5196: $? = 1
configure: failed program was:
| /* confdefs.h.  */
| 
| #define PACKAGE_NAME "Xar"
| #define PACKAGE_TARNAME "xar"
| #define PACKAGE_VERSION "1.5.2"
| #define PACKAGE_STRING "Xar 1.5.2"
| #define PACKAGE_BUGREPORT "xar-devel@googlegroups.com"
| #define STDC_HEADERS 1
| #define HAVE_SYS_TYPES_H 1
| #define HAVE_SYS_STAT_H 1
| #define HAVE_STDLIB_H 1
| #define HAVE_STRING_H 1
| #define HAVE_MEMORY_H 1
| #define HAVE_STRINGS_H 1
| #define HAVE_INTTYPES_H 1
| #define HAVE_STDINT_H 1
| #define HAVE_UNISTD_H 1
| #define HAVE_SYS_STATFS_H 1
| #define HAVE_SYS_XATTR_H 1
| #define HAVE_SYS_PARAM_H 1
| #define HAVE_LGETXATTR 1
| #define HAVE_LSETXATTR 1
| #define HAVE_GETXATTR 1
| #define HAVE_SETXATTR 1
| #define HAVE_LCHOWN 1
| #define HAVE_STATVFS 1
| #define HAVE_STATFS 1
| /* end confdefs.h.  */
| #include <sys/statvfs.h>
| 
| int
| main ()
| {
| static struct statvfs ac_aggr;
| if (ac_aggr.f_fstypename)
| return 0;
|   ;
|   return 0;
| }
configure:5235: gcc -c -Wall -g  -D_GNU_SOURCE conftest.c >&5
conftest.c: In function 'main':
conftest.c:35:19: error: 'struct statvfs' has no member named 'f_fstypename'
 if (sizeof ac_aggr.f_fstypename)
                   ^
conftest.c:34:23: warning: variable 'ac_aggr' set but not used [-Wunused-but-set-variable]
 static struct statvfs ac_aggr;
                       ^~~~~~~
configure:5241: $? = 1
configure: failed program was:
| /* confdefs.h.  */
| 
| #define PACKAGE_NAME "Xar"
| #define PACKAGE_TARNAME "xar"
| #define PACKAGE_VERSION "1.5.2"
| #define PACKAGE_STRING "Xar 1.5.2"
| #define PACKAGE_BUGREPORT "xar-devel@googlegroups.com"
| #define STDC_HEADERS 1
| #define HAVE_SYS_TYPES_H 1
| #define HAVE_SYS_STAT_H 1
| #define HAVE_STDLIB_H 1
| #define HAVE_STRING_H 1
| #define HAVE_MEMORY_H 1
| #define HAVE_STRINGS_H 1
| #define HAVE_INTTYPES_H 1
| #define HAVE_STDINT_H 1
| #define HAVE_UNISTD_H 1
| #define HAVE_SYS_STATFS_H 1
| #define HAVE_SYS_XATTR_H 1
| #define HAVE_SYS_PARAM_H 1
| #define HAVE_LGETXATTR 1
| #define HAVE_LSETXATTR 1
| #define HAVE_GETXATTR 1
| #define HAVE_SETXATTR 1
| #define HAVE_LCHOWN 1
| #define HAVE_STATVFS 1
| #define HAVE_STATFS 1
| /* end confdefs.h.  */
| #include <sys/statvfs.h>
| 
| int
| main ()
| {
| static struct statvfs ac_aggr;
| if (sizeof ac_aggr.f_fstypename)
| return 0;
|   ;
|   return 0;
| }
configure:5267: result: no
configure:5278: checking for struct stat.st_flags
configure:5301: gcc -c -Wall -g  -D_GNU_SOURCE conftest.c >&5
conftest.c: In function 'main':
conftest.c:67:13: error: 'struct stat' has no member named 'st_flags'; did you mean 'st_nlink'?
 if (ac_aggr.st_flags)
             ^~~~~~~~
             st_nlink
conftest.c:66:20: warning: variable 'ac_aggr' set but not used [-Wunused-but-set-variable]
 static struct stat ac_aggr;
                    ^~~~~~~
configure:5307: $? = 1
configure: failed program was:
| /* confdefs.h.  */
| 
| #define PACKAGE_NAME "Xar"
| #define PACKAGE_TARNAME "xar"
| #define PACKAGE_VERSION "1.5.2"
| #define PACKAGE_STRING "Xar 1.5.2"
| #define PACKAGE_BUGREPORT "xar-devel@googlegroups.com"
| #define STDC_HEADERS 1
| #define HAVE_SYS_TYPES_H 1
| #define HAVE_SYS_STAT_H 1
| #define HAVE_STDLIB_H 1
| #define HAVE_STRING_H 1
| #define HAVE_MEMORY_H 1
| #define HAVE_STRINGS_H 1
| #define HAVE_INTTYPES_H 1
| #define HAVE_STDINT_H 1
| #define HAVE_UNISTD_H 1
| #define HAVE_SYS_STATFS_H 1
| #define HAVE_SYS_XATTR_H 1
| #define HAVE_SYS_PARAM_H 1
| #define HAVE_LGETXATTR 1
| #define HAVE_LSETXATTR 1
| #define HAVE_GETXATTR 1
| #define HAVE_SETXATTR 1
| #define HAVE_LCHOWN 1
| #define HAVE_STATVFS 1
| #define HAVE_STATFS 1
| /* end confdefs.h.  */
| #include <stdio.h>
| #if HAVE_SYS_TYPES_H
| # include <sys/types.h>
| #endif
| #if HAVE_SYS_STAT_H
| # include <sys/stat.h>
| #endif
| #if STDC_HEADERS
| # include <stdlib.h>
| # include <stddef.h>
| #else
| # if HAVE_STDLIB_H
| #  include <stdlib.h>
| # endif
| #endif
| #if HAVE_STRING_H
| # if !STDC_HEADERS && HAVE_MEMORY_H
| #  include <memory.h>
| # endif
| # include <string.h>
| #endif
| #if HAVE_STRINGS_H
| # include <strings.h>
| #endif
| #if HAVE_INTTYPES_H
| # include <inttypes.h>
| #else
| # if HAVE_STDINT_H
| #  include <stdint.h>
| # endif
| #endif
| #if HAVE_UNISTD_H
| # include <unistd.h>
| #endif
| int
| main ()
| {
| static struct stat ac_aggr;
| if (ac_aggr.st_flags)
| return 0;
|   ;
|   return 0;
| }
configure:5345: gcc -c -Wall -g  -D_GNU_SOURCE conftest.c >&5
conftest.c: In function 'main':
conftest.c:67:20: error: 'struct stat' has no member named 'st_flags'; did you mean 'st_nlink'?
 if (sizeof ac_aggr.st_flags)
                    ^~~~~~~~
                    st_nlink
conftest.c:66:20: warning: variable 'ac_aggr' set but not used [-Wunused-but-set-variable]
 static struct stat ac_aggr;
                    ^~~~~~~
configure:5351: $? = 1
configure: failed program was:
| /* confdefs.h.  */
| 
| #define PACKAGE_NAME "Xar"
| #define PACKAGE_TARNAME "xar"
| #define PACKAGE_VERSION "1.5.2"
| #define PACKAGE_STRING "Xar 1.5.2"
| #define PACKAGE_BUGREPORT "xar-devel@googlegroups.com"
| #define STDC_HEADERS 1
| #define HAVE_SYS_TYPES_H 1
| #define HAVE_SYS_STAT_H 1
| #define HAVE_STDLIB_H 1
| #define HAVE_STRING_H 1
| #define HAVE_MEMORY_H 1
| #define HAVE_STRINGS_H 1
| #define HAVE_INTTYPES_H 1
| #define HAVE_STDINT_H 1
| #define HAVE_UNISTD_H 1
| #define HAVE_SYS_STATFS_H 1
| #define HAVE_SYS_XATTR_H 1
| #define HAVE_SYS_PARAM_H 1
| #define HAVE_LGETXATTR 1
| #define HAVE_LSETXATTR 1
| #define HAVE_GETXATTR 1
| #define HAVE_SETXATTR 1
| #define HAVE_LCHOWN 1
| #define HAVE_STATVFS 1
| #define HAVE_STATFS 1
| /* end confdefs.h.  */
| #include <stdio.h>
| #if HAVE_SYS_TYPES_H
| # include <sys/types.h>
| #endif
| #if HAVE_SYS_STAT_H
| # include <sys/stat.h>
| #endif
| #if STDC_HEADERS
| # include <stdlib.h>
| # include <stddef.h>
| #else
| # if HAVE_STDLIB_H
| #  include <stdlib.h>
| # endif
| #endif
| #if HAVE_STRING_H
| # if !STDC_HEADERS && HAVE_MEMORY_H
| #  include <memory.h>
| # endif
| # include <string.h>
| #endif
| #if HAVE_STRINGS_H
| # include <strings.h>
| #endif
| #if HAVE_INTTYPES_H
| # include <inttypes.h>
| #else
| # if HAVE_STDINT_H
| #  include <stdint.h>
| # endif
| #endif
| #if HAVE_UNISTD_H
| # include <unistd.h>
| #endif
| int
| main ()
| {
| static struct stat ac_aggr;
| if (sizeof ac_aggr.st_flags)
| return 0;
|   ;
|   return 0;
| }
configure:5377: result: no
configure:5389: checking for uid_t
configure:5413: gcc -c -Wall -g  -D_GNU_SOURCE conftest.c >&5
configure:5419: $? = 0
configure:5423: test -z 
			 || test ! -s conftest.err
configure:5426: $? = 0
configure:5429: test -s conftest.o
configure:5432: $? = 0
configure:5443: result: yes
configure:5446: checking size of uid_t
configure:5765: gcc -o conftest -Wall -g  -D_GNU_SOURCE  conftest.c  >&5
configure:5768: $? = 0
configure:5770: ./conftest
configure:5773: $? = 0
configure:5796: result: 4
configure:5827: checking for gid_t
configure:5851: gcc -c -Wall -g  -D_GNU_SOURCE conftest.c >&5
configure:5857: $? = 0
configure:5861: test -z 
			 || test ! -s conftest.err
configure:5864: $? = 0
configure:5867: test -s conftest.o
configure:5870: $? = 0
configure:5881: result: yes
configure:5884: checking size of gid_t
configure:6203: gcc -o conftest -Wall -g  -D_GNU_SOURCE  conftest.c  >&5
configure:6206: $? = 0
configure:6208: ./conftest
configure:6211: $? = 0
configure:6234: result: 4
configure:6265: checking for ino_t
configure:6289: gcc -c -Wall -g  -D_GNU_SOURCE conftest.c >&5
configure:6295: $? = 0
configure:6299: test -z 
			 || test ! -s conftest.err
configure:6302: $? = 0
configure:6305: test -s conftest.o
configure:6308: $? = 0
configure:6319: result: yes
configure:6322: checking size of ino_t
configure:6641: gcc -o conftest -Wall -g  -D_GNU_SOURCE  conftest.c  >&5
configure:6644: $? = 0
configure:6646: ./conftest
configure:6649: $? = 0
configure:6672: result: 8
configure:6711: checking for dev_t
configure:6735: gcc -c -Wall -g  -D_GNU_SOURCE conftest.c >&5
configure:6741: $? = 0
configure:6745: test -z 
			 || test ! -s conftest.err
configure:6748: $? = 0
configure:6751: test -s conftest.o
configure:6754: $? = 0
configure:6765: result: yes
configure:6768: checking size of dev_t
configure:7087: gcc -o conftest -Wall -g  -D_GNU_SOURCE  conftest.c  >&5
configure:7090: $? = 0
configure:7092: ./conftest
configure:7095: $? = 0
configure:7118: result: 8
configure:7158: checking for acl_get_file in -lacl
configure:7188: gcc -o conftest -Wall -g  -D_GNU_SOURCE  conftest.c -lacl   >&5
/usr/bin/ld: cannot find -lacl
collect2: error: ld returned 1 exit status
configure:7194: $? = 1
configure: failed program was:
| /* confdefs.h.  */
| 
| #define PACKAGE_NAME "Xar"
| #define PACKAGE_TARNAME "xar"
| #define PACKAGE_VERSION "1.5.2"
| #define PACKAGE_STRING "Xar 1.5.2"
| #define PACKAGE_BUGREPORT "xar-devel@googlegroups.com"
| #define STDC_HEADERS 1
| #define HAVE_SYS_TYPES_H 1
| #define HAVE_SYS_STAT_H 1
| #define HAVE_STDLIB_H 1
| #define HAVE_STRING_H 1
| #define HAVE_MEMORY_H 1
| #define HAVE_STRINGS_H 1
| #define HAVE_INTTYPES_H 1
| #define HAVE_STDINT_H 1
| #define HAVE_UNISTD_H 1
| #define HAVE_SYS_STATFS_H 1
| #define HAVE_SYS_XATTR_H 1
| #define HAVE_SYS_PARAM_H 1
| #define HAVE_LGETXATTR 1
| #define HAVE_LSETXATTR 1
| #define HAVE_GETXATTR 1
| #define HAVE_SETXATTR 1
| #define HAVE_LCHOWN 1
| #define HAVE_STATVFS 1
| #define HAVE_STATFS 1
| #define SIZEOF_UID_T 4
| #define UID_STRING RId32
| #define UID_CAST (uint32_t)
| #define SIZEOF_GID_T 4
| #define GID_STRING PRId32
| #define GID_CAST (uint32_t)
| #define SIZEOF_INO_T 8
| #define INO_STRING PRId64
| #define INO_HEXSTRING PRIx64
| #define INO_CAST (uint64_t)
| #define SIZEOF_DEV_T 8
| #define DEV_STRING PRId64
| #define DEV_HEXSTRING PRIx64
| #define DEV_CAST (uint64_t)
| /* end confdefs.h.  */
| 
| /* Override any gcc2 internal prototype to avoid an error.  */
| #ifdef __cplusplus
| extern "C"
| #endif
| /* We use char because int might match the return type of a gcc2
|    builtin and then its argument prototype would still apply.  */
| char acl_get_file ();
| int
| main ()
| {
| acl_get_file ();
|   ;
|   return 0;
| }
configure:7220: result: no
configure:7234: checking for asprintf
configure:7291: gcc -o conftest -Wall -g  -D_GNU_SOURCE  conftest.c  >&5
configure:7297: $? = 0
configure:7301: test -z 
			 || test ! -s conftest.err
configure:7304: $? = 0
configure:7307: test -s conftest
configure:7310: $? = 0
configure:7322: result: yes
configure:7359: checking for xml2-config
configure:7377: found /usr/bin/xml2-config
configure:7389: result: /usr/bin/xml2-config
configure:7403: checking for libxml >= 2.6.11
configure:7421: result: 2.9.4
configure:7442: checking libxml/xmlwriter.h usability
configure:7454: gcc -c -Wall -g  -D_GNU_SOURCE -I/usr/include/libxml2 conftest.c >&5
configure:7460: $? = 0
configure:7464: test -z 
			 || test ! -s conftest.err
configure:7467: $? = 0
configure:7470: test -s conftest.o
configure:7473: $? = 0
configure:7483: result: yes
configure:7487: checking libxml/xmlwriter.h presence
configure:7497: gcc -E  -D_GNU_SOURCE -I/usr/include/libxml2 conftest.c
configure:7503: $? = 0
configure:7523: result: yes
configure:7558: checking for libxml/xmlwriter.h
configure:7565: result: yes
configure:7598: checking openssl/evp.h usability
configure:7610: gcc -c -Wall -g  -D_GNU_SOURCE -I/usr/include/libxml2 conftest.c >&5
configure:7616: $? = 0
configure:7620: test -z 
			 || test ! -s conftest.err
configure:7623: $? = 0
configure:7626: test -s conftest.o
configure:7629: $? = 0
configure:7639: result: yes
configure:7643: checking openssl/evp.h presence
configure:7653: gcc -E  -D_GNU_SOURCE -I/usr/include/libxml2 conftest.c
configure:7659: $? = 0
configure:7679: result: yes
configure:7714: checking for openssl/evp.h
configure:7721: result: yes
configure:7737: checking for OpenSSL_add_all_ciphers in -lcrypto
configure:7767: gcc -o conftest -Wall -g  -D_GNU_SOURCE -I/usr/include/libxml2  conftest.c -lcrypto   -lxml2 >&5
configure:7773: $? = 0
configure:7777: test -z 
			 || test ! -s conftest.err
configure:7780: $? = 0
configure:7783: test -s conftest
configure:7786: $? = 0
configure:7799: result: yes
configure:7833: checking zlib.h usability
configure:7845: gcc -c -Wall -g  -D_GNU_SOURCE -I/usr/include/libxml2 conftest.c >&5
configure:7851: $? = 0
configure:7855: test -z 
			 || test ! -s conftest.err
configure:7858: $? = 0
configure:7861: test -s conftest.o
configure:7864: $? = 0
configure:7874: result: yes
configure:7878: checking zlib.h presence
configure:7888: gcc -E  -D_GNU_SOURCE -I/usr/include/libxml2 conftest.c
configure:7894: $? = 0
configure:7914: result: yes
configure:7949: checking for zlib.h
configure:7956: result: yes
configure:7972: checking for deflate in -lz
configure:8002: gcc -o conftest -Wall -g  -D_GNU_SOURCE -I/usr/include/libxml2  conftest.c -lz  -lcrypto  -lxml2 >&5
configure:8008: $? = 0
configure:8012: test -z 
			 || test ! -s conftest.err
configure:8015: $? = 0
configure:8018: test -s conftest
configure:8021: $? = 0
configure:8034: result: yes
configure:8068: checking bzlib.h usability
configure:8080: gcc -c -Wall -g  -D_GNU_SOURCE -I/usr/include/libxml2 conftest.c >&5
conftest.c:82:10: fatal error: bzlib.h: No such file or directory
 #include <bzlib.h>
          ^~~~~~~~~
compilation terminated.
configure:8086: $? = 1
configure: failed program was:
| /* confdefs.h.  */
| 
| #define PACKAGE_NAME "Xar"
| #define PACKAGE_TARNAME "xar"
| #define PACKAGE_VERSION "1.5.2"
| #define PACKAGE_STRING "Xar 1.5.2"
| #define PACKAGE_BUGREPORT "xar-devel@googlegroups.com"
| #define STDC_HEADERS 1
| #define HAVE_SYS_TYPES_H 1
| #define HAVE_SYS_STAT_H 1
| #define HAVE_STDLIB_H 1
| #define HAVE_STRING_H 1
| #define HAVE_MEMORY_H 1
| #define HAVE_STRINGS_H 1
| #define HAVE_INTTYPES_H 1
| #define HAVE_STDINT_H 1
| #define HAVE_UNISTD_H 1
| #define HAVE_SYS_STATFS_H 1
| #define HAVE_SYS_XATTR_H 1
| #define HAVE_SYS_PARAM_H 1
| #define HAVE_LGETXATTR 1
| #define HAVE_LSETXATTR 1
| #define HAVE_GETXATTR 1
| #define HAVE_SETXATTR 1
| #define HAVE_LCHOWN 1
| #define HAVE_STATVFS 1
| #define HAVE_STATFS 1
| #define SIZEOF_UID_T 4
| #define UID_STRING RId32
| #define UID_CAST (uint32_t)
| #define SIZEOF_GID_T 4
| #define GID_STRING PRId32
| #define GID_CAST (uint32_t)
| #define SIZEOF_INO_T 8
| #define INO_STRING PRId64
| #define INO_HEXSTRING PRIx64
| #define INO_CAST (uint64_t)
| #define SIZEOF_DEV_T 8
| #define DEV_STRING PRId64
| #define DEV_HEXSTRING PRIx64
| #define DEV_CAST (uint64_t)
| #define HAVE_ASPRINTF 1
| #define HAVE_OPENSSL_EVP_H 1
| #define HAVE_LIBCRYPTO 1
| #define HAVE_ZLIB_H 1
| #define HAVE_LIBZ 1
| /* end confdefs.h.  */
| #include <stdio.h>
| #if HAVE_SYS_TYPES_H
| # include <sys/types.h>
| #endif
| #if HAVE_SYS_STAT_H
| # include <sys/stat.h>
| #endif
| #if STDC_HEADERS
| # include <stdlib.h>
| # include <stddef.h>
| #else
| # if HAVE_STDLIB_H
| #  include <stdlib.h>
| # endif
| #endif
| #if HAVE_STRING_H
| # if !STDC_HEADERS && HAVE_MEMORY_H
| #  include <memory.h>
| # endif
| # include <string.h>
| #endif
| #if HAVE_STRINGS_H
| # include <strings.h>
| #endif
| #if HAVE_INTTYPES_H
| # include <inttypes.h>
| #else
| # if HAVE_STDINT_H
| #  include <stdint.h>
| # endif
| #endif
| #if HAVE_UNISTD_H
| # include <unistd.h>
| #endif
| #include <bzlib.h>
configure:8109: result: no
configure:8113: checking bzlib.h presence
configure:8123: gcc -E  -D_GNU_SOURCE -I/usr/include/libxml2 conftest.c
conftest.c:48:10: fatal error: bzlib.h: No such file or directory
 #include <bzlib.h>
          ^~~~~~~~~
compilation terminated.
configure:8129: $? = 1
configure: failed program was:
| /* confdefs.h.  */
| 
| #define PACKAGE_NAME "Xar"
| #define PACKAGE_TARNAME "xar"
| #define PACKAGE_VERSION "1.5.2"
| #define PACKAGE_STRING "Xar 1.5.2"
| #define PACKAGE_BUGREPORT "xar-devel@googlegroups.com"
| #define STDC_HEADERS 1
| #define HAVE_SYS_TYPES_H 1
| #define HAVE_SYS_STAT_H 1
| #define HAVE_STDLIB_H 1
| #define HAVE_STRING_H 1
| #define HAVE_MEMORY_H 1
| #define HAVE_STRINGS_H 1
| #define HAVE_INTTYPES_H 1
| #define HAVE_STDINT_H 1
| #define HAVE_UNISTD_H 1
| #define HAVE_SYS_STATFS_H 1
| #define HAVE_SYS_XATTR_H 1
| #define HAVE_SYS_PARAM_H 1
| #define HAVE_LGETXATTR 1
| #define HAVE_LSETXATTR 1
| #define HAVE_GETXATTR 1
| #define HAVE_SETXATTR 1
| #define HAVE_LCHOWN 1
| #define HAVE_STATVFS 1
| #define HAVE_STATFS 1
| #define SIZEOF_UID_T 4
| #define UID_STRING RId32
| #define UID_CAST (uint32_t)
| #define SIZEOF_GID_T 4
| #define GID_STRING PRId32
| #define GID_CAST (uint32_t)
| #define SIZEOF_INO_T 8
| #define INO_STRING PRId64
| #define INO_HEXSTRING PRIx64
| #define INO_CAST (uint64_t)
| #define SIZEOF_DEV_T 8
| #define DEV_STRING PRId64
| #define DEV_HEXSTRING PRIx64
| #define DEV_CAST (uint64_t)
| #define HAVE_ASPRINTF 1
| #define HAVE_OPENSSL_EVP_H 1
| #define HAVE_LIBCRYPTO 1
| #define HAVE_ZLIB_H 1
| #define HAVE_LIBZ 1
| /* end confdefs.h.  */
| #include <bzlib.h>
configure:8149: result: no
configure:8184: checking for bzlib.h
configure:8191: result: no
configure:8207: checking for BZ2_bzCompress in -lbz2
configure:8237: gcc -o conftest -Wall -g  -D_GNU_SOURCE -I/usr/include/libxml2  conftest.c -lbz2  -lz -lcrypto  -lxml2 >&5
/usr/bin/ld: cannot find -lbz2
collect2: error: ld returned 1 exit status
configure:8243: $? = 1
configure: failed program was:
| /* confdefs.h.  */
| 
| #define PACKAGE_NAME "Xar"
| #define PACKAGE_TARNAME "xar"
| #define PACKAGE_VERSION "1.5.2"
| #define PACKAGE_STRING "Xar 1.5.2"
| #define PACKAGE_BUGREPORT "xar-devel@googlegroups.com"
| #define STDC_HEADERS 1
| #define HAVE_SYS_TYPES_H 1
| #define HAVE_SYS_STAT_H 1
| #define HAVE_STDLIB_H 1
| #define HAVE_STRING_H 1
| #define HAVE_MEMORY_H 1
| #define HAVE_STRINGS_H 1
| #define HAVE_INTTYPES_H 1
| #define HAVE_STDINT_H 1
| #define HAVE_UNISTD_H 1
| #define HAVE_SYS_STATFS_H 1
| #define HAVE_SYS_XATTR_H 1
| #define HAVE_SYS_PARAM_H 1
| #define HAVE_LGETXATTR 1
| #define HAVE_LSETXATTR 1
| #define HAVE_GETXATTR 1
| #define HAVE_SETXATTR 1
| #define HAVE_LCHOWN 1
| #define HAVE_STATVFS 1
| #define HAVE_STATFS 1
| #define SIZEOF_UID_T 4
| #define UID_STRING RId32
| #define UID_CAST (uint32_t)
| #define SIZEOF_GID_T 4
| #define GID_STRING PRId32
| #define GID_CAST (uint32_t)
| #define SIZEOF_INO_T 8
| #define INO_STRING PRId64
| #define INO_HEXSTRING PRIx64
| #define INO_CAST (uint64_t)
| #define SIZEOF_DEV_T 8
| #define DEV_STRING PRId64
| #define DEV_HEXSTRING PRIx64
| #define DEV_CAST (uint64_t)
| #define HAVE_ASPRINTF 1
| #define HAVE_OPENSSL_EVP_H 1
| #define HAVE_LIBCRYPTO 1
| #define HAVE_ZLIB_H 1
| #define HAVE_LIBZ 1
| /* end confdefs.h.  */
| 
| /* Override any gcc2 internal prototype to avoid an error.  */
| #ifdef __cplusplus
| extern "C"
| #endif
| /* We use char because int might match the return type of a gcc2
|    builtin and then its argument prototype would still apply.  */
| char BZ2_bzCompress ();
| int
| main ()
| {
| BZ2_bzCompress ();
|   ;
|   return 0;
| }
configure:8269: result: no
configure:8392: creating ./config.status

## ---------------------- ##
## Running config.status. ##
## ---------------------- ##

This file was extended by Xar config.status 1.5.2, which was
generated by GNU Autoconf 2.59.  Invocation command line was

  CONFIG_FILES    = 
  CONFIG_HEADERS  = 
  CONFIG_LINKS    = 
  CONFIG_COMMANDS = 
  $ ./config.status 

on kali

config.status:669: creating cfgoutputs.stamp
config.status:669: creating Makefile
config.status:669: creating include/xar.h
config.status:669: creating lib/Makefile.inc
config.status:669: creating lib/libxar.la.in
config.status:669: creating src/Makefile.inc
config.status:669: creating xar.spec
config.status:773: creating cfghdrs.stamp
config.status:773: creating include/config.h

## ---------------- ##
## Cache variables. ##
## ---------------- ##

ac_cv_build=x86_64-unknown-linux-gnu
ac_cv_build_alias=x86_64-unknown-linux-gnu
ac_cv_c_compiler_gnu=yes
ac_cv_env_CC_set=
ac_cv_env_CC_value=
ac_cv_env_CFLAGS_set=
ac_cv_env_CFLAGS_value=
ac_cv_env_CPPFLAGS_set=
ac_cv_env_CPPFLAGS_value=
ac_cv_env_CPP_set=
ac_cv_env_CPP_value=
ac_cv_env_LDFLAGS_set=
ac_cv_env_LDFLAGS_value=
ac_cv_env_build_alias_set=
ac_cv_env_build_alias_value=
ac_cv_env_host_alias_set=
ac_cv_env_host_alias_value=
ac_cv_env_target_alias_set=
ac_cv_env_target_alias_value=
ac_cv_exeext=
ac_cv_func_asprintf=yes
ac_cv_func_chflags=no
ac_cv_func_getattrlist=no
ac_cv_func_getxattr=yes
ac_cv_func_lchmod=no
ac_cv_func_lchown=yes
ac_cv_func_lgetxattr=yes
ac_cv_func_lsetxattr=yes
ac_cv_func_setattrlist=no
ac_cv_func_setxattr=yes
ac_cv_func_statfs=yes
ac_cv_func_statvfs=yes
ac_cv_func_strmode=no
ac_cv_header_bzlib_h=no
ac_cv_header_ext2fs_ext2_fs_h=no
ac_cv_header_inttypes_h=yes
ac_cv_header_libutil_h=no
ac_cv_header_libxml_xmlwriter_h=yes
ac_cv_header_memory_h=yes
ac_cv_header_openssl_evp_h=yes
ac_cv_header_stdc=yes
ac_cv_header_stdint_h=yes
ac_cv_header_stdlib_h=yes
ac_cv_header_string_h=yes
ac_cv_header_strings_h=yes
ac_cv_header_sys_extattr_h=no
ac_cv_header_sys_param_h=yes
ac_cv_header_sys_stat_h=yes
ac_cv_header_sys_statfs_h=yes
ac_cv_header_sys_types_h=yes
ac_cv_header_sys_xattr_h=yes
ac_cv_header_unistd_h=yes
ac_cv_header_zlib_h=yes
ac_cv_host=x86_64-unknown-linux-gnu
ac_cv_host_alias=x86_64-unknown-linux-gnu
ac_cv_lib_acl_acl_get_file=no
ac_cv_lib_bz2_BZ2_bzCompress=no
ac_cv_lib_crypto_OpenSSL_add_all_ciphers=yes
ac_cv_lib_z_deflate=yes
ac_cv_member_struct_stat_st_flags=no
ac_cv_member_struct_statfs_f_fstypename=no
ac_cv_member_struct_statvfs_f_fstypename=no
ac_cv_objext=o
ac_cv_path_AR=/usr/bin/ar
ac_cv_path_LD=/usr/bin/ld
ac_cv_path_RANLIB=/usr/bin/ranlib
ac_cv_path_XML2_CONFIG=/usr/bin/xml2-config
ac_cv_path_install='/usr/bin/install -c'
ac_cv_prog_CPP='gcc -E'
ac_cv_prog_ac_ct_CC=gcc
ac_cv_prog_cc_g=yes
ac_cv_prog_cc_stdc=
ac_cv_prog_egrep='grep -E'
ac_cv_sizeof_dev_t=8
ac_cv_sizeof_gid_t=4
ac_cv_sizeof_ino_t=8
ac_cv_sizeof_uid_t=4
ac_cv_sys_file_offset_bits=no
ac_cv_sys_large_files=no
ac_cv_sys_largefile_CC=no
ac_cv_type_dev_t=yes
ac_cv_type_gid_t=yes
ac_cv_type_ino_t=yes
ac_cv_type_uid_t=yes

## ----------------- ##
## Output variables. ##
## ----------------- ##

AR='/usr/bin/ar'
AUTOCONF=''
BINDIR='/usr/local/bin'
CC='gcc'
CFLAGS='-Wall -g'
CPP='gcc -E'
CPPFLAGS=' -D_GNU_SOURCE -I/usr/include/libxml2'
DATADIR='/usr/local/share'
DEFS='-DHAVE_CONFIG_H'
ECHO_C=''
ECHO_N='-n'
ECHO_T=''
EGREP='grep -E'
EXEEXT=''
INCLUDEDIR='/usr/local/include'
INSTALL_DATA='${INSTALL} -m 644'
INSTALL_PROGRAM='${INSTALL}'
INSTALL_SCRIPT='${INSTALL}'
LD='/usr/bin/ld'
LDFLAGS=''
LIBDIR='/usr/local/lib'
LIBOBJS=''
LIBS='-lz -lcrypto  -lxml2'
LIB_REV='1'
LTLIBOBJS=''
MANDIR='/usr/local/man'
OBJEXT='o'
PACKAGE_BUGREPORT='xar-devel@googlegroups.com'
PACKAGE_NAME='Xar'
PACKAGE_STRING='Xar 1.5.2'
PACKAGE_TARNAME='xar'
PACKAGE_VERSION='1.5.2'
PATH_SEPARATOR=':'
PREFIX='/usr/local'
RANLIB='/usr/bin/ranlib'
RPATH='-Wl,-rpath,'
SHELL='/bin/bash'
XAR_MAJOR_VERSION='1'
XAR_MINOR_VERSION='5.2'
XAR_VERSION='1.5.2'
XML2_CONFIG='/usr/bin/xml2-config'
abi='elf'
abs_objroot='/home/root/Downloads/Empire/Empire/setup/xar-1.5.2/'
abs_srcroot='/home/root/Downloads/Empire/Empire/setup/xar-1.5.2/'
ac_ct_CC='gcc'
bindir='${exec_prefix}/bin'
build='x86_64-unknown-linux-gnu'
build_alias=''
build_cpu='x86_64'
build_os='linux-gnu'
build_vendor='unknown'
cfghdrs='cfghdrs.stamp include/config.h'
cfgoutputs='cfgoutputs.stamp Makefile include/xar.h lib/Makefile.inc lib/libxar.la.in src/Makefile.inc xar.spec'
datadir='${prefix}/share'
enable_autogen='0'
exec_prefix='/usr/local'
host='x86_64-unknown-linux-gnu'
host_alias=''
host_cpu='x86_64'
host_os='linux-gnu'
host_vendor='unknown'
includedir='${prefix}/include'
infodir='${prefix}/info'
libdir='${exec_prefix}/lib'
libexecdir='${exec_prefix}/libexec'
localstatedir='${prefix}/var'
mandir='${prefix}/man'
objroot=''
oldincludedir='/usr/include'
prefix='/usr/local'
program_transform_name='s,x,x,'
sbindir='${exec_prefix}/sbin'
shared='yes'
sharedstatedir='${prefix}/com'
srcroot=''
static='yes'
sysconfdir='${prefix}/etc'
target_alias=''

## ----------- ##
## confdefs.h. ##
## ----------- ##

#define DEV_CAST (uint64_t)
#define DEV_HEXSTRING PRIx64
#define DEV_STRING PRId64
#define GID_CAST (uint32_t)
#define GID_STRING PRId32
#define HAVE_ASPRINTF 1
#define HAVE_GETXATTR 1
#define HAVE_INTTYPES_H 1
#define HAVE_LCHOWN 1
#define HAVE_LGETXATTR 1
#define HAVE_LIBCRYPTO 1
#define HAVE_LIBZ 1
#define HAVE_LSETXATTR 1
#define HAVE_MEMORY_H 1
#define HAVE_OPENSSL_EVP_H 1
#define HAVE_SETXATTR 1
#define HAVE_STATFS 1
#define HAVE_STATVFS 1
#define HAVE_STDINT_H 1
#define HAVE_STDLIB_H 1
#define HAVE_STRINGS_H 1
#define HAVE_STRING_H 1
#define HAVE_SYS_PARAM_H 1
#define HAVE_SYS_STATFS_H 1
#define HAVE_SYS_STAT_H 1
#define HAVE_SYS_TYPES_H 1
#define HAVE_SYS_XATTR_H 1
#define HAVE_UNISTD_H 1
#define HAVE_ZLIB_H 1
#define INO_CAST (uint64_t)
#define INO_HEXSTRING PRIx64
#define INO_STRING PRId64
#define PACKAGE_BUGREPORT "xar-devel@googlegroups.com"
#define PACKAGE_NAME "Xar"
#define PACKAGE_STRING "Xar 1.5.2"
#define PACKAGE_TARNAME "xar"
#define PACKAGE_VERSION "1.5.2"
#define SIZEOF_DEV_T 8
#define SIZEOF_GID_T 4
#define SIZEOF_INO_T 8
#define SIZEOF_UID_T 4
#define STDC_HEADERS 1
#define UID_CAST (uint32_t)
#define UID_STRING RId32

configure: exit 0
